[0.578s] Invoking command in '/home/matt/group5_drone_ws/src/drone_control': DEBUGINFOD_URLS=https://debuginfod.ubuntu.com PYTHONPATH=/home/matt/group5_drone_ws/build/drone_control/prefix_override:/usr/lib/python3/dist-packages/colcon_core/task/python/colcon_distutils_commands:/home/matt/group5_drone_ws/install/drone_control/lib/python3.12/site-packages:${PYTHONPATH} /usr/bin/python3 -W ignore:setup.py install is deprecated -W ignore:easy_install command is deprecated setup.py egg_info --egg-base ../../build/drone_control build --build-base /home/matt/group5_drone_ws/build/drone_control/build install --record /home/matt/group5_drone_ws/build/drone_control/install.log --single-version-externally-managed install_data
[0.738s] running egg_info
[0.749s] writing ../../build/drone_control/drone_control.egg-info/PKG-INFO
[0.749s] writing dependency_links to ../../build/drone_control/drone_control.egg-info/dependency_links.txt
[0.750s] writing entry points to ../../build/drone_control/drone_control.egg-info/entry_points.txt
[0.750s] writing requirements to ../../build/drone_control/drone_control.egg-info/requires.txt
[0.750s] writing top-level names to ../../build/drone_control/drone_control.egg-info/top_level.txt
[0.773s] reading manifest file '../../build/drone_control/drone_control.egg-info/SOURCES.txt'
[0.774s] writing manifest file '../../build/drone_control/drone_control.egg-info/SOURCES.txt'
[0.774s] running build
[0.774s] running build_py
[0.774s] copying drone_control/takeoff_land.py -> /home/matt/group5_drone_ws/build/drone_control/build/lib/drone_control
[0.774s] running install
[0.778s] running install_lib
[0.790s] copying /home/matt/group5_drone_ws/build/drone_control/build/lib/drone_control/takeoff_land.py -> /home/matt/group5_drone_ws/install/drone_control/lib/python3.12/site-packages/drone_control
[0.791s] byte-compiling /home/matt/group5_drone_ws/install/drone_control/lib/python3.12/site-packages/drone_control/takeoff_land.py to takeoff_land.cpython-312.pyc
[0.792s] running install_data
[0.792s] running install_egg_info
[0.805s] removing '/home/matt/group5_drone_ws/install/drone_control/lib/python3.12/site-packages/drone_control-0.0.0-py3.12.egg-info' (and everything under it)
[0.805s] Copying ../../build/drone_control/drone_control.egg-info to /home/matt/group5_drone_ws/install/drone_control/lib/python3.12/site-packages/drone_control-0.0.0-py3.12.egg-info
[0.806s] running install_scripts
[0.885s] Installing takeoff_land script to /home/matt/group5_drone_ws/install/drone_control/lib/drone_control
[0.885s] writing list of installed files to '/home/matt/group5_drone_ws/build/drone_control/install.log'
[0.904s] Invoked command in '/home/matt/group5_drone_ws/src/drone_control' returned '0': DEBUGINFOD_URLS=https://debuginfod.ubuntu.com PYTHONPATH=/home/matt/group5_drone_ws/build/drone_control/prefix_override:/usr/lib/python3/dist-packages/colcon_core/task/python/colcon_distutils_commands:/home/matt/group5_drone_ws/install/drone_control/lib/python3.12/site-packages:${PYTHONPATH} /usr/bin/python3 -W ignore:setup.py install is deprecated -W ignore:easy_install command is deprecated setup.py egg_info --egg-base ../../build/drone_control build --build-base /home/matt/group5_drone_ws/build/drone_control/build install --record /home/matt/group5_drone_ws/build/drone_control/install.log --single-version-externally-managed install_data
