running egg_info
writing ../../build/drone_control/drone_control.egg-info/PKG-INFO
writing dependency_links to ../../build/drone_control/drone_control.egg-info/dependency_links.txt
writing entry points to ../../build/drone_control/drone_control.egg-info/entry_points.txt
writing requirements to ../../build/drone_control/drone_control.egg-info/requires.txt
writing top-level names to ../../build/drone_control/drone_control.egg-info/top_level.txt
reading manifest file '../../build/drone_control/drone_control.egg-info/SOURCES.txt'
writing manifest file '../../build/drone_control/drone_control.egg-info/SOURCES.txt'
running build
running build_py
copying drone_control/takeoff_land.py -> /home/matt/group5_drone_ws/build/drone_control/build/lib/drone_control
running install
running install_lib
copying /home/matt/group5_drone_ws/build/drone_control/build/lib/drone_control/takeoff_land.py -> /home/matt/group5_drone_ws/install/drone_control/lib/python3.12/site-packages/drone_control
byte-compiling /home/matt/group5_drone_ws/install/drone_control/lib/python3.12/site-packages/drone_control/takeoff_land.py to takeoff_land.cpython-312.pyc
Sorry: IndentationError: expected an indented block after function definition on line 72 (takeoff_land.py, line 73)
running install_data
running install_egg_info
removing '/home/matt/group5_drone_ws/install/drone_control/lib/python3.12/site-packages/drone_control-0.0.0-py3.12.egg-info' (and everything under it)
Copying ../../build/drone_control/drone_control.egg-info to /home/matt/group5_drone_ws/install/drone_control/lib/python3.12/site-packages/drone_control-0.0.0-py3.12.egg-info
running install_scripts
Installing takeoff_land script to /home/matt/group5_drone_ws/install/drone_control/lib/drone_control
writing list of installed files to '/home/matt/group5_drone_ws/build/drone_control/install.log'
