[1.026s] Invoking command in '/home/matt/group5_drone_ws/src/drone_control': DEBUGINFOD_URLS=https://debuginfod.ubuntu.com PYTHONPATH=/home/matt/group5_drone_ws/build/drone_control/prefix_override:/usr/lib/python3/dist-packages/colcon_core/task/python/colcon_distutils_commands:/home/matt/group5_drone_ws/install/drone_control/lib/python3.12/site-packages:${PYTHONPATH} /usr/bin/python3 -W ignore:setup.py install is deprecated -W ignore:easy_install command is deprecated setup.py egg_info --egg-base ../../build/drone_control build --build-base /home/matt/group5_drone_ws/build/drone_control/build install --record /home/matt/group5_drone_ws/build/drone_control/install.log --single-version-externally-managed install_data
[1.377s] running egg_info
[1.404s] writing ../../build/drone_control/drone_control.egg-info/PKG-INFO
[1.404s] writing dependency_links to ../../build/drone_control/drone_control.egg-info/dependency_links.txt
[1.404s] writing entry points to ../../build/drone_control/drone_control.egg-info/entry_points.txt
[1.405s] writing requirements to ../../build/drone_control/drone_control.egg-info/requires.txt
[1.405s] writing top-level names to ../../build/drone_control/drone_control.egg-info/top_level.txt
[1.452s] reading manifest file '../../build/drone_control/drone_control.egg-info/SOURCES.txt'
[1.453s] writing manifest file '../../build/drone_control/drone_control.egg-info/SOURCES.txt'
[1.453s] running build
[1.453s] running build_py
[1.453s] copying drone_control/takeoff_land.py -> /home/matt/group5_drone_ws/build/drone_control/build/lib/drone_control
[1.454s] running install
[1.461s] running install_lib
[1.485s] copying /home/matt/group5_drone_ws/build/drone_control/build/lib/drone_control/takeoff_land.py -> /home/matt/group5_drone_ws/install/drone_control/lib/python3.12/site-packages/drone_control
[1.486s] byte-compiling /home/matt/group5_drone_ws/install/drone_control/lib/python3.12/site-packages/drone_control/takeoff_land.py to takeoff_land.cpython-312.pyc
[1.487s] running install_data
[1.487s] running install_egg_info
[1.513s] removing '/home/matt/group5_drone_ws/install/drone_control/lib/python3.12/site-packages/drone_control-0.0.0-py3.12.egg-info' (and everything under it)
[1.513s] Copying ../../build/drone_control/drone_control.egg-info to /home/matt/group5_drone_ws/install/drone_control/lib/python3.12/site-packages/drone_control-0.0.0-py3.12.egg-info
[1.513s] running install_scripts
[1.680s] Installing takeoff_land script to /home/matt/group5_drone_ws/install/drone_control/lib/drone_control
[1.680s] writing list of installed files to '/home/matt/group5_drone_ws/build/drone_control/install.log'
[1.726s] Invoked command in '/home/matt/group5_drone_ws/src/drone_control' returned '0': DEBUGINFOD_URLS=https://debuginfod.ubuntu.com PYTHONPATH=/home/matt/group5_drone_ws/build/drone_control/prefix_override:/usr/lib/python3/dist-packages/colcon_core/task/python/colcon_distutils_commands:/home/matt/group5_drone_ws/install/drone_control/lib/python3.12/site-packages:${PYTHONPATH} /usr/bin/python3 -W ignore:setup.py install is deprecated -W ignore:easy_install command is deprecated setup.py egg_info --egg-base ../../build/drone_control build --build-base /home/matt/group5_drone_ws/build/drone_control/build install --record /home/matt/group5_drone_ws/build/drone_control/install.log --single-version-externally-managed install_data
