[0.876s] Invoking command in '/home/matt/group5_drone_ws/src/drone_control': DEBUGINFOD_URLS=https://debuginfod.ubuntu.com PYTHONPATH=/home/matt/group5_drone_ws/build/drone_control/prefix_override:/usr/lib/python3/dist-packages/colcon_core/task/python/colcon_distutils_commands:/home/matt/group5_drone_ws/install/drone_control/lib/python3.12/site-packages:${PYTHONPATH} /usr/bin/python3 -W ignore:setup.py install is deprecated -W ignore:easy_install command is deprecated setup.py egg_info --egg-base ../../build/drone_control build --build-base /home/matt/group5_drone_ws/build/drone_control/build install --record /home/matt/group5_drone_ws/build/drone_control/install.log --single-version-externally-managed install_data
[1.165s] running egg_info
[1.165s] creating ../../build/drone_control/drone_control.egg-info
[1.195s] writing ../../build/drone_control/drone_control.egg-info/PKG-INFO
[1.195s] writing dependency_links to ../../build/drone_control/drone_control.egg-info/dependency_links.txt
[1.195s] writing requirements to ../../build/drone_control/drone_control.egg-info/requires.txt
[1.195s] writing top-level names to ../../build/drone_control/drone_control.egg-info/top_level.txt
[1.196s] writing manifest file '../../build/drone_control/drone_control.egg-info/SOURCES.txt'
[1.243s] reading manifest file '../../build/drone_control/drone_control.egg-info/SOURCES.txt'
[1.243s] writing manifest file '../../build/drone_control/drone_control.egg-info/SOURCES.txt'
[1.244s] running build
[1.244s] running build_py
[1.244s] creating /home/matt/group5_drone_ws/build/drone_control/build
[1.244s] creating /home/matt/group5_drone_ws/build/drone_control/build/lib
[1.244s] creating /home/matt/group5_drone_ws/build/drone_control/build/lib/drone_control
[1.244s] copying drone_control/__init__.py -> /home/matt/group5_drone_ws/build/drone_control/build/lib/drone_control
[1.245s] running install
[1.252s] running install_lib
[1.274s] creating /home/matt/group5_drone_ws/install/drone_control/lib/python3.12/site-packages/drone_control
[1.275s] copying /home/matt/group5_drone_ws/build/drone_control/build/lib/drone_control/__init__.py -> /home/matt/group5_drone_ws/install/drone_control/lib/python3.12/site-packages/drone_control
[1.275s] byte-compiling /home/matt/group5_drone_ws/install/drone_control/lib/python3.12/site-packages/drone_control/__init__.py to __init__.cpython-312.pyc
[1.275s] running install_data
[1.275s] creating /home/matt/group5_drone_ws/install/drone_control/share/ament_index
[1.275s] creating /home/matt/group5_drone_ws/install/drone_control/share/ament_index/resource_index
[1.275s] creating /home/matt/group5_drone_ws/install/drone_control/share/ament_index/resource_index/packages
[1.276s] copying resource/drone_control -> /home/matt/group5_drone_ws/install/drone_control/share/ament_index/resource_index/packages
[1.276s] copying package.xml -> /home/matt/group5_drone_ws/install/drone_control/share/drone_control
[1.276s] running install_egg_info
[1.301s] Copying ../../build/drone_control/drone_control.egg-info to /home/matt/group5_drone_ws/install/drone_control/lib/python3.12/site-packages/drone_control-0.0.0-py3.12.egg-info
[1.302s] running install_scripts
[1.451s] writing list of installed files to '/home/matt/group5_drone_ws/build/drone_control/install.log'
[1.480s] Invoked command in '/home/matt/group5_drone_ws/src/drone_control' returned '0': DEBUGINFOD_URLS=https://debuginfod.ubuntu.com PYTHONPATH=/home/matt/group5_drone_ws/build/drone_control/prefix_override:/usr/lib/python3/dist-packages/colcon_core/task/python/colcon_distutils_commands:/home/matt/group5_drone_ws/install/drone_control/lib/python3.12/site-packages:${PYTHONPATH} /usr/bin/python3 -W ignore:setup.py install is deprecated -W ignore:easy_install command is deprecated setup.py egg_info --egg-base ../../build/drone_control build --build-base /home/matt/group5_drone_ws/build/drone_control/build install --record /home/matt/group5_drone_ws/build/drone_control/install.log --single-version-externally-managed install_data
