/home/matt/group5_drone_ws/install/drone_control/lib/python3.12/site-packages/drone_control/__init__.py
/home/matt/group5_drone_ws/install/drone_control/lib/python3.12/site-packages/drone_control/takeoff_land.py
/home/matt/group5_drone_ws/install/drone_control/lib/python3.12/site-packages/drone_control/__pycache__/__init__.cpython-312.pyc
/home/matt/group5_drone_ws/install/drone_control/lib/python3.12/site-packages/drone_control/__pycache__/takeoff_land.cpython-312.pyc
/home/matt/group5_drone_ws/install/drone_control/share/ament_index/resource_index/packages/drone_control
/home/matt/group5_drone_ws/install/drone_control/share/drone_control/package.xml
/home/matt/group5_drone_ws/install/drone_control/share/drone_control/launch/sim.launch.py
/home/matt/group5_drone_ws/install/drone_control/share/drone_control/worlds/france.sdf
/home/matt/group5_drone_ws/install/drone_control/share/drone_control/worlds/meshes/france.stl
/home/matt/group5_drone_ws/install/drone_control/share/drone_control/config/mavros_params.yaml
/home/matt/group5_drone_ws/install/drone_control/share/drone_control/config/rviz_config.rviz
/home/matt/group5_drone_ws/install/drone_control/share/drone_control/config/gz_bridge_depth.yaml
/home/matt/group5_drone_ws/install/drone_control/lib/python3.12/site-packages/drone_control-0.0.0-py3.12.egg-info/SOURCES.txt
/home/matt/group5_drone_ws/install/drone_control/lib/python3.12/site-packages/drone_control-0.0.0-py3.12.egg-info/entry_points.txt
/home/matt/group5_drone_ws/install/drone_control/lib/python3.12/site-packages/drone_control-0.0.0-py3.12.egg-info/PKG-INFO
/home/matt/group5_drone_ws/install/drone_control/lib/python3.12/site-packages/drone_control-0.0.0-py3.12.egg-info/zip-safe
/home/matt/group5_drone_ws/install/drone_control/lib/python3.12/site-packages/drone_control-0.0.0-py3.12.egg-info/top_level.txt
/home/matt/group5_drone_ws/install/drone_control/lib/python3.12/site-packages/drone_control-0.0.0-py3.12.egg-info/requires.txt
/home/matt/group5_drone_ws/install/drone_control/lib/python3.12/site-packages/drone_control-0.0.0-py3.12.egg-info/dependency_links.txt
/home/matt/group5_drone_ws/install/drone_control/lib/drone_control/takeoff_land
